<?xml version="1.0" encoding="UTF-8"?>
<!-- Generated by org.testng.reporters.JUnitReportReporter -->
<testsuite hostname="PUNITP289549L" name="TestCases.HomeTestCases" tests="3" failures="0" timestamp="6 Jul 2020 11:47:15 GMT" time="0.520" errors="0">
  <testcase name="signin" time="0.480" classname="TestCases.HomeTestCases"/>
  <testcase name="validatetitle" time="0.015" classname="TestCases.HomeTestCases"/>
  <testcase name="validateURL" time="0.025" classname="TestCases.HomeTestCases"/>
</testsuite> <!-- TestCases.HomeTestCases -->
