<?xml version="1.0" encoding="UTF-8"?>
<!-- Generated by org.testng.reporters.JUnitReportReporter -->
<testsuite hostname="PUNITP289549L" name="Base.BrowserActivity" tests="2" failures="0" timestamp="6 Jul 2020 11:45:28 GMT" time="0.068" errors="0">
  <testcase name="validatetitle" time="0.029" classname="Base.BrowserActivity"/>
  <testcase name="validateURL" time="0.039" classname="Base.BrowserActivity"/>
</testsuite> <!-- Base.BrowserActivity -->
